1699189928,,,/home/googl/Downloads/195073006-bfa72bcc-89d2-4dc7-b8dc-f3c13273910c.webm,86
1699189943,,,/home/googl/Downloads/a431909ca46d4da0690bb1be955eed29.jpg,71
1699189944,,,/home/googl/Downloads/Mountain.png,47
1699189944,,,/home/googl/Downloads/a431909ca46d4da0690bb1be955eed29.jpg,71
1699189945,,,/home/googl/Downloads/195073006-bfa72bcc-89d2-4dc7-b8dc-f3c13273910c.webm,86
1699190028,,,/home/googl/Downloads/195073006-bfa72bcc-89d2-4dc7-b8dc-f3c13273910c.webm,86
1699190045,,,/home/googl/Downloads/a431909ca46d4da0690bb1be955eed29.jpg,71
1699190046,,,/home/googl/Downloads/Mountain.png,47
1699190047,,,/home/googl/Downloads/141697-Arch-logo-plymouth/arch-logo/arch_logo.png,84
1699190048,,,/home/googl/Downloads/141697-Arch-logo-plymouth/arch-logo/arch_logoB.png,85
1699190051,,,/home/googl/Downloads/141697-Arch-logo-plymouth/arch-logo/arch_logo.png,84
1699190051,,,/home/googl/Downloads/Mountain.png,47
1699190052,,,/home/googl/Downloads/a431909ca46d4da0690bb1be955eed29.jpg,71
1699190053,,,/home/googl/Downloads/195073006-bfa72bcc-89d2-4dc7-b8dc-f3c13273910c.webm,86
1699378108,,,/home/googl/Downloads/195073006-bfa72bcc-89d2-4dc7-b8dc-f3c13273910c.webm,86
1699378124,,,/home/googl/Downloads/a431909ca46d4da0690bb1be955eed29.jpg,71
1699378125,,,/home/googl/Downloads/Mountain.png,47
1700361233,,,/home/googl/Downloads/car chase_1.mp4,50
1700361244,,,/home/googl/Downloads/group+picture+Courthouse+2023.jpg,68
1700361245,,,/home/googl/Downloads/image.png,44
1700361248,,,/home/googl/Downloads/Mountain.png,47
